2026-06-17 21:11:59,365 INFO: Fetching section: https://apnews.com/world-news
2026-06-17 21:11:59,365 DEBUG: FlareSolverr GET -> https://apnews.com/world-news
2026-06-17 21:11:59,366 DEBUG: Starting new HTTP connection (1): localhost:8191
2026-06-17 21:12:11,194 DEBUG: http://localhost:8191 "POST /v1 HTTP/1.1" 200 1475749
2026-06-17 21:12:11,208 DEBUG: fetch_page: got HTML from FlareSolverr (attempt 1)
2026-06-17 21:12:11,211 DEBUG: Saved HTML to apnews.html (1401839 bytes)
2026-06-17 21:12:11,603 INFO: Section https://apnews.com/world-news — card selector matched 86 articles
2026-06-17 21:12:11,603 INFO: Fetching section: https://apnews.com/climate-and-environment
2026-06-17 21:12:11,603 DEBUG: FlareSolverr GET -> https://apnews.com/climate-and-environment
2026-06-17 21:12:11,604 DEBUG: Starting new HTTP connection (1): localhost:8191
2026-06-17 21:12:18,356 DEBUG: http://localhost:8191 "POST /v1 HTTP/1.1" 200 2119576
2026-06-17 21:12:18,371 DEBUG: fetch_page: got HTML from FlareSolverr (attempt 1)
2026-06-17 21:12:18,376 DEBUG: Saved HTML to apnews.html (2034542 bytes)
2026-06-17 21:12:18,853 INFO: Section https://apnews.com/climate-and-environment — card selector matched 94 articles
2026-06-17 21:12:18,854 INFO: Total unique articles across all sections: 172
2026-06-17 21:12:18,857 INFO: Loaded existing XML: pau.xml
2026-06-17 21:12:18,858 INFO: Existing items in feed: 500
2026-06-17 21:12:18,858 DEBUG: Added: [d2010e10] https://apnews.com/article/iran-us-israel-war-oil-deal-june-17-2026-19652f4611b704c0a991bf1f5bc9a4b9
2026-06-17 21:12:18,858 DEBUG: Added: [44b95f50] https://apnews.com/article/g7-summit-trump-macron-takeaways-versailles-0b3127724dbbf16dd36353247290568e
2026-06-17 21:12:18,858 DEBUG: Added: [d2882b03] https://apnews.com/article/egypt-obstetric-violence-hospital-alexandria-e8ab5b0e593ec786bdf89519b312a9b5
2026-06-17 21:12:18,858 DEBUG: Added: [9d423bfc] https://apnews.com/article/israel-palestinians-hamas-war-gaza-death-toll-casualties-07ecc0f22a1fb8332466ffc87f928cf4
2026-06-17 21:12:18,858 DEBUG: Added: [c7fcfdea] https://apnews.com/article/federal-reserve-kevin-warsh-interest-rates-103325df845d2d6bde63dfa4b8093d35
2026-06-17 21:12:18,858 DEBUG: Added: [ea9466db] https://apnews.com/article/stocks-markets-rates-oil-us-iran-02e500f15edc505cedd8a8428197744c
2026-06-17 21:12:18,858 DEBUG: Added: [666558f5] https://apnews.com/article/trump-modi-india-g7-0efa60066a2ee38710481406bf843edf
2026-06-17 21:12:18,858 DEBUG: Added: [241d309a] https://apnews.com/article/brazil-us-lula-trump-58191e76e4b65f16d24f7d0b8cc61755
2026-06-17 21:12:18,859 DEBUG: Added: [44ae26aa] https://apnews.com/article/migrants-deportation-us-jamaica-c033a9492fa0fc816a68e9ec299936c3
2026-06-17 21:12:18,859 DEBUG: Added: [5f4bf14c] https://apnews.com/photo-gallery/hezbollah-supporters-gather-nasrallah-s-grave-ashoura-photos-f432b0f1c7bf4db98a5657eb9f3f8017
2026-06-17 21:12:18,859 DEBUG: Added: [7bb065b3] https://apnews.com/article/equatorial-guinea-government-resigns-bb4b88828eefaaea34e9ab9d4e79357a
2026-06-17 21:12:18,859 DEBUG: Added: [4ea0a4a5] https://apnews.com/article/poland-united-states-nato-permanent-military-base-fe16f485d52b900d1369273802a82bfc
2026-06-17 21:12:18,859 DEBUG: Added: [430fda82] https://apnews.com/article/wind-energy-climate-trump-lawsuit-1b00b93fdc7351e20f063a1f2f4a43b1
2026-06-17 21:12:18,859 INFO: Added 13 new articles to feed
2026-06-17 21:12:18,859 INFO: Trimmed feed to 500 items
2026-06-17 21:12:18,866 INFO: Done! Feed saved to pau.xml
2026-06-17 21:12:18,866 INFO: Debug log saved to debug.log
